This file contains any messages produced by compilers while
running configure, to aid debugging if configure makes a mistake.

It was created by ganeti-instance-debootstrap configure 0.11, which was
generated by GNU Autoconf 2.65.  Invocation command line was

  $ ./configure --build=x86_64-linux-gnu --prefix=/usr --includedir=${prefix}/include --mandir=${prefix}/share/man --infodir=${prefix}/share/info --sysconfdir=/etc --localstatedir=/var --libexecdir=${prefix}/lib/ganeti-instance-debootstrap --disable-maintainer-mode --disable-dependency-tracking

## --------- ##
## Platform. ##
## --------- ##

hostname = blues
uname -m = x86_64
uname -r = 3.2.0-4-rt-amd64
uname -s = Linux
uname -v = #1 SMP PREEMPT RT Debian 3.2.41-2

/usr/bin/uname -p = unknown
/bin/uname -X     = unknown

/bin/arch              = unknown
/usr/bin/arch -k       = unknown
/usr/convex/getsysinfo = unknown
/usr/bin/hostinfo      = unknown
/bin/machine           = unknown
/usr/bin/oslevel       = unknown
/bin/universe          = unknown

PATH: /usr/local/sbin
PATH: /usr/sbin
PATH: /sbin
PATH: /usr/local/bin
PATH: /usr/bin
PATH: /bin
PATH: /usr/local/games
PATH: /usr/games


## ----------- ##
## Core tests. ##
## ----------- ##

configure:1720: checking for a BSD-compatible install
configure:1788: result: /usr/bin/install -c
configure:1799: checking whether build environment is sane
configure:1849: result: yes
configure:1990: checking for a thread-safe mkdir -p
configure:2029: result: /bin/mkdir -p
configure:2042: checking for gawk
configure:2058: found /usr/bin/gawk
configure:2069: result: gawk
configure:2080: checking whether make sets $(MAKE)
configure:2102: result: yes
configure:2177: checking how to create a ustar tar archive
configure:2190: tar --version
tar (GNU tar) 1.26
Copyright (C) 2011 Free Software Foundation, Inc.
License GPLv3+: GNU GPL version 3 or later <http://gnu.org/licenses/gpl.html>.
This is free software: you are free to change and redistribute it.
There is NO WARRANTY, to the extent permitted by law.

Written by John Gilmore and Jay Fenlason.
configure:2193: $? = 0
configure:2233: tardir=conftest.dir && eval tar --format=ustar -chf - "$tardir" >conftest.tar
configure:2236: $? = 0
configure:2240: tar -xf - <conftest.tar
configure:2243: $? = 0
configure:2256: result: gnutar
configure:2278: checking whether ln -s works
configure:2282: result: yes
configure:2432: creating ./config.status

## ---------------------- ##
## Running config.status. ##
## ---------------------- ##

This file was extended by ganeti-instance-debootstrap config.status 0.11, which was
generated by GNU Autoconf 2.65.  Invocation command line was

  CONFIG_FILES    = 
  CONFIG_HEADERS  = 
  CONFIG_LINKS    = 
  CONFIG_COMMANDS = 
  $ ./config.status 

on blues

config.status:744: creating Makefile
configure:3441: WARNING: unrecognized options: --disable-maintainer-mode, --disable-dependency-tracking

## ---------------- ##
## Cache variables. ##
## ---------------- ##

ac_cv_env_build_alias_set=set
ac_cv_env_build_alias_value=x86_64-linux-gnu
ac_cv_env_host_alias_set=
ac_cv_env_host_alias_value=
ac_cv_env_target_alias_set=
ac_cv_env_target_alias_value=
ac_cv_path_install='/usr/bin/install -c'
ac_cv_path_mkdir=/bin/mkdir
ac_cv_prog_AWK=gawk
ac_cv_prog_make_make_set=yes
am_cv_prog_tar_ustar=gnutar

## ----------------- ##
## Output variables. ##
## ----------------- ##

ACLOCAL='${SHELL} /home/bluetooth/develop/ganeti-instance-debootstrap/autotools/missing --run aclocal-1.11'
AMTAR='${SHELL} /home/bluetooth/develop/ganeti-instance-debootstrap/autotools/missing --run tar'
AUTOCONF='${SHELL} /home/bluetooth/develop/ganeti-instance-debootstrap/autotools/missing --run autoconf'
AUTOHEADER='${SHELL} /home/bluetooth/develop/ganeti-instance-debootstrap/autotools/missing --run autoheader'
AUTOMAKE='${SHELL} /home/bluetooth/develop/ganeti-instance-debootstrap/autotools/missing --run automake-1.11'
AWK='gawk'
CYGPATH_W='echo'
DEFS='-DPACKAGE_NAME=\"ganeti-instance-debootstrap\" -DPACKAGE_TARNAME=\"ganeti-instance-debootstrap\" -DPACKAGE_VERSION=\"0.11\" -DPACKAGE_STRING=\"ganeti-instance-debootstrap\ 0.11\" -DPACKAGE_BUGREPORT=\"ganeti@googlegroups.com\" -DPACKAGE_URL=\"\" -DPACKAGE=\"ganeti-instance-debootstrap\" -DVERSION=\"0.11\"'
ECHO_C=''
ECHO_N='-n'
ECHO_T=''
INSTALL_DATA='${INSTALL} -m 644'
INSTALL_PROGRAM='${INSTALL}'
INSTALL_SCRIPT='${INSTALL}'
INSTALL_STRIP_PROGRAM='$(install_sh) -c -s'
LIBOBJS=''
LIBS=''
LN_S='ln -s'
LTLIBOBJS=''
MAKEINFO='${SHELL} /home/bluetooth/develop/ganeti-instance-debootstrap/autotools/missing --run makeinfo'
MKDIR_P='/bin/mkdir -p'
OS_DIR='${datarootdir}/ganeti/os'
PACKAGE='ganeti-instance-debootstrap'
PACKAGE_BUGREPORT='ganeti@googlegroups.com'
PACKAGE_NAME='ganeti-instance-debootstrap'
PACKAGE_STRING='ganeti-instance-debootstrap 0.11'
PACKAGE_TARNAME='ganeti-instance-debootstrap'
PACKAGE_URL=''
PACKAGE_VERSION='0.11'
PATH_SEPARATOR=':'
SET_MAKE=''
SHELL='/bin/bash'
STRIP=''
VERSION='0.11'
am__isrc=''
am__leading_dot='.'
am__tar='tar --format=ustar -chf - "$$tardir"'
am__untar='tar -xf -'
bindir='${exec_prefix}/bin'
build_alias='x86_64-linux-gnu'
datadir='${datarootdir}'
datarootdir='${prefix}/share'
docdir='${datarootdir}/doc/${PACKAGE_TARNAME}'
dvidir='${docdir}'
exec_prefix='${prefix}'
host_alias=''
htmldir='${docdir}'
includedir='${prefix}/include'
infodir='${prefix}/share/info'
install_sh='${SHELL} /home/bluetooth/develop/ganeti-instance-debootstrap/autotools/install-sh'
libdir='${exec_prefix}/lib'
libexecdir='${prefix}/lib/ganeti-instance-debootstrap'
localedir='${datarootdir}/locale'
localstatedir='/var'
mandir='${prefix}/share/man'
mkdir_p='/bin/mkdir -p'
oldincludedir='/usr/include'
pdfdir='${docdir}'
prefix='/usr'
program_transform_name='s,x,x,'
psdir='${docdir}'
sbindir='${exec_prefix}/sbin'
sharedstatedir='${prefix}/com'
sysconfdir='/etc'
target_alias=''

## ----------- ##
## confdefs.h. ##
## ----------- ##

/* confdefs.h */
#define PACKAGE_NAME "ganeti-instance-debootstrap"
#define PACKAGE_TARNAME "ganeti-instance-debootstrap"
#define PACKAGE_VERSION "0.11"
#define PACKAGE_STRING "ganeti-instance-debootstrap 0.11"
#define PACKAGE_BUGREPORT "ganeti@googlegroups.com"
#define PACKAGE_URL ""
#define PACKAGE "ganeti-instance-debootstrap"
#define VERSION "0.11"

configure: exit 0
